#
# There is insufficient memory for the Java Runtime Environment to continue.
# Native memory allocation (malloc) failed to allocate 374656 bytes for Chunk::new
# Possible reasons:
#   The system is out of physical RAM or swap space
#   The process is running with CompressedOops enabled, and the Java Heap may be blocking the growth of the native heap
# Possible solutions:
#   Reduce memory load on the system
#   Increase physical memory or swap space
#   Check if swap backing store is full
#   Decrease Java heap size (-Xmx/-Xms)
#   Decrease number of Java threads
#   Decrease Java thread stack sizes (-Xss)
#   Set larger code cache with -XX:ReservedCodeCacheSize=
#   JVM is running with Unscaled Compressed Oops mode in which the Java heap is
#     placed in the first 4GB address space. The Java Heap base address is the
#     maximum limit for the native heap growth. Please use -XX:HeapBaseMinAddress
#     to set the Java Heap base and to place the Java Heap above 4GB virtual address.
# This output file may be truncated or incomplete.
#
#  Out of Memory Error (arena.cpp:189), pid=8804, tid=6084
#
# JRE version: Java(TM) SE Runtime Environment (17.0.9+11) (build 17.0.9+11-LTS-201)
# Java VM: Java HotSpot(TM) 64-Bit Server VM (17.0.9+11-LTS-201, mixed mode, sharing, tiered, compressed oops, compressed class ptrs, g1 gc, windows-amd64)
# No core dump will be written. Minidumps are not enabled by default on client versions of Windows
#

---------------  S U M M A R Y ------------

Command Line: -Dclassworlds.conf=C:\Program Files\apache-maven-3.9.5-bin\apache-maven-3.9.5\bin\m2.conf -Dmaven.home=C:\Program Files\apache-maven-3.9.5-bin\apache-maven-3.9.5 -Dlibrary.jansi.path=C:\Program Files\apache-maven-3.9.5-bin\apache-maven-3.9.5\lib\jansi-native -Dmaven.multiModuleProjectDirectory=C:\Users\Daniela\Desktop\SSMU_backM5\back org.codehaus.plexus.classworlds.launcher.Launcher spring-boot:run

Host: Intel(R) Core(TM) i5-2410M CPU @ 2.30GHz, 4 cores, 3G,  Windows 10 , 64 bit Build 18362 (10.0.18362.329)
Time: Sun Nov 19 00:40:47 2023 Hora est. Pacífico, Sudamérica elapsed time: 7.549046 seconds (0d 0h 0m 7s)

---------------  T H R E A D  ---------------

Current thread (0x000001e00413b4d0):  JavaThread "C2 CompilerThread0" daemon [_thread_in_native, id=6084, stack(0x0000008091900000,0x0000008091a00000)]


Current CompileTask:
C2:   7550 4894   !   4       org.codehaus.plexus.interpolation.reflection.ReflectionValueExtractor::getPropertyValue (114 bytes)

Stack: [0x0000008091900000,0x0000008091a00000]
Native frames: (J=compiled Java code, j=interpreted, Vv=VM code, C=native code)
V  [jvm.dll+0x678a4a]
V  [jvm.dll+0x7d9cfd]
V  [jvm.dll+0x7db60e]
V  [jvm.dll+0x7dbc73]
V  [jvm.dll+0x245e1f]
V  [jvm.dll+0xaaafb]
V  [jvm.dll+0xab09c]
V  [jvm.dll+0x2ab7ef]
V  [jvm.dll+0x5812e5]
V  [jvm.dll+0x220c52]
V  [jvm.dll+0x219850]
V  [jvm.dll+0x217459]
V  [jvm.dll+0x1a3bc0]
V  [jvm.dll+0x2272de]
V  [jvm.dll+0x22548b]
V  [jvm.dll+0x78f58c]
V  [jvm.dll+0x78998a]
V  [jvm.dll+0x677875]
C  [ucrtbase.dll+0x20e72]
C  [KERNEL32.DLL+0x17bd4]
C  [ntdll.dll+0x6ced1]


---------------  P R O C E S S  ---------------

Threads class SMR info:
_java_thread_list=0x000001e004cc6a00, length=13, elements={
0x000001dfa7db3e50, 0x000001dfa7e76ba0, 0x000001dfa7e77930, 0x000001e00412eab0,
0x000001e00411f590, 0x000001dfa7e7e4f0, 0x000001e004130fa0, 0x000001e00413b4d0,
0x000001e004143a00, 0x000001e00414ef30, 0x000001e004396f80, 0x000001e00439a880,
0x000001e004ce6020
}

Java Threads: ( => current thread )
  0x000001dfa7db3e50 JavaThread "main" [_thread_in_native, id=7828, stack(0x0000008090c00000,0x0000008090d00000)]
  0x000001dfa7e76ba0 JavaThread "Reference Handler" daemon [_thread_blocked, id=2204, stack(0x0000008091300000,0x0000008091400000)]
  0x000001dfa7e77930 JavaThread "Finalizer" daemon [_thread_blocked, id=9080, stack(0x0000008091400000,0x0000008091500000)]
  0x000001e00412eab0 JavaThread "Signal Dispatcher" daemon [_thread_blocked, id=7288, stack(0x0000008091500000,0x0000008091600000)]
  0x000001e00411f590 JavaThread "Attach Listener" daemon [_thread_blocked, id=8932, stack(0x0000008091600000,0x0000008091700000)]
  0x000001dfa7e7e4f0 JavaThread "Service Thread" daemon [_thread_blocked, id=7636, stack(0x0000008091700000,0x0000008091800000)]
  0x000001e004130fa0 JavaThread "Monitor Deflation Thread" daemon [_thread_blocked, id=4072, stack(0x0000008091800000,0x0000008091900000)]
=>0x000001e00413b4d0 JavaThread "C2 CompilerThread0" daemon [_thread_in_native, id=6084, stack(0x0000008091900000,0x0000008091a00000)]
  0x000001e004143a00 JavaThread "C1 CompilerThread0" daemon [_thread_blocked, id=3244, stack(0x0000008091a00000,0x0000008091b00000)]
  0x000001e00414ef30 JavaThread "Sweeper thread" daemon [_thread_blocked, id=1076, stack(0x0000008091b00000,0x0000008091c00000)]
  0x000001e004396f80 JavaThread "Notification Thread" daemon [_thread_blocked, id=236, stack(0x0000008091c00000,0x0000008091d00000)]
  0x000001e00439a880 JavaThread "Common-Cleaner" daemon [_thread_blocked, id=3504, stack(0x0000008091e00000,0x0000008091f00000)]
  0x000001e004ce6020 JavaThread "C2 CompilerThread1" daemon [_thread_in_native, id=8060, stack(0x0000008092200000,0x0000008092300000)]

Other Threads:
  0x000001dfa7e6fc70 VMThread "VM Thread" [stack: 0x0000008091200000,0x0000008091300000] [id=116]
  0x000001dfa7e04060 WatcherThread [stack: 0x0000008091d00000,0x0000008091e00000] [id=8900]
  0x000001dfa7df0dc0 GCTaskThread "GC Thread#0" [stack: 0x0000008090d00000,0x0000008090e00000] [id=5804]
  0x000001e004b7dc30 GCTaskThread "GC Thread#1" [stack: 0x0000008091f00000,0x0000008092000000] [id=7376]
  0x000001e004b7eb70 GCTaskThread "GC Thread#2" [stack: 0x0000008092000000,0x0000008092100000] [id=8844]
  0x000001e004c68ce0 GCTaskThread "GC Thread#3" [stack: 0x0000008092100000,0x0000008092200000] [id=8836]
  0x000001dfa7dfb210 ConcurrentGCThread "G1 Main Marker" [stack: 0x0000008090e00000,0x0000008090f00000] [id=5660]
  0x000001dfa7dfbb30 ConcurrentGCThread "G1 Conc#0" [stack: 0x0000008090f00000,0x0000008091000000] [id=1840]
  0x000001dfa7e4c340 ConcurrentGCThread "G1 Refine#0" [stack: 0x0000008091000000,0x0000008091100000] [id=2568]
  0x000001dfa7e4cc80 ConcurrentGCThread "G1 Service" [stack: 0x0000008091100000,0x0000008091200000] [id=520]

Threads with active compile tasks:
C2 CompilerThread0     7596 4894   !   4       org.codehaus.plexus.interpolation.reflection.ReflectionValueExtractor::getPropertyValue (114 bytes)
C2 CompilerThread1     7596 4860       4       org.apache.maven.model.inheritance.DefaultInheritanceAssembler$InheritanceModelMerger::mergePluginContainer_Plugins (433 bytes)

VM state: not at safepoint (normal execution)

VM Mutex/Monitor currently owned by a thread: None

Heap address: 0x00000000c0e00000, size: 1010 MB, Compressed Oops mode: 32-bit

CDS archive(s) mapped at: [0x000001dfc3000000-0x000001dfc3bd0000-0x000001dfc3bd0000), size 12386304, SharedBaseAddress: 0x000001dfc3000000, ArchiveRelocationMode: 1.
Compressed class space mapped at: 0x000001dfc4000000-0x000001e004000000, reserved size: 1073741824
Narrow klass base: 0x000001dfc3000000, Narrow klass shift: 0, Narrow klass range: 0x100000000

GC Precious Log:
 CPUs: 4 total, 4 available
 Memory: 4039M
 Large Page Support: Disabled
 NUMA Support: Disabled
 Compressed Oops: Enabled (32-bit)
 Heap Region Size: 1M
 Heap Min Capacity: 8M
 Heap Initial Capacity: 64M
 Heap Max Capacity: 1010M
 Pre-touch: Disabled
 Parallel Workers: 4
 Concurrent Workers: 1
 Concurrent Refinement Workers: 4
 Periodic GC: Disabled

Heap:
 garbage-first heap   total 250880K, used 170656K [0x00000000c0e00000, 0x0000000100000000)
  region size 1024K, 13 young (13312K), 3 survivors (3072K)
 Metaspace       used 17596K, committed 17792K, reserved 1114112K
  class space    used 1988K, committed 2048K, reserved 1048576K

Heap Regions: E=young(eden), S=young(survivor), O=old, HS=humongous(starts), HC=humongous(continues), CS=collection set, F=free, OA=open archive, CA=closed archive, TAMS=top-at-mark-start (previous, next)
|   0|0x00000000c0e00000, 0x00000000c0f00000, 0x00000000c0f00000|100%| O|  |TAMS 0x00000000c0f00000, 0x00000000c0e00000| Untracked 
|   1|0x00000000c0f00000, 0x00000000c1000000, 0x00000000c1000000|100%| O|  |TAMS 0x00000000c1000000, 0x00000000c0f00000| Untracked 
|   2|0x00000000c1000000, 0x00000000c1100000, 0x00000000c1100000|100%| O|  |TAMS 0x00000000c1100000, 0x00000000c1000000| Untracked 
|   3|0x00000000c1100000, 0x00000000c1200000, 0x00000000c1200000|100%| O|  |TAMS 0x00000000c1200000, 0x00000000c1100000| Untracked 
|   4|0x00000000c1200000, 0x00000000c1300000, 0x00000000c1300000|100%| O|  |TAMS 0x00000000c1300000, 0x00000000c1200000| Untracked 
|   5|0x00000000c1300000, 0x00000000c1400000, 0x00000000c1400000|100%| O|  |TAMS 0x00000000c1400000, 0x00000000c1300000| Untracked 
|   6|0x00000000c1400000, 0x00000000c1500000, 0x00000000c1500000|100%| O|  |TAMS 0x00000000c1500000, 0x00000000c1400000| Untracked 
|   7|0x00000000c1500000, 0x00000000c1600000, 0x00000000c1600000|100%| O|  |TAMS 0x00000000c1600000, 0x00000000c1500000| Untracked 
|   8|0x00000000c1600000, 0x00000000c1700000, 0x00000000c1700000|100%| O|  |TAMS 0x00000000c1700000, 0x00000000c1600000| Untracked 
|   9|0x00000000c1700000, 0x00000000c1800000, 0x00000000c1800000|100%| O|  |TAMS 0x00000000c1800000, 0x00000000c1700000| Untracked 
|  10|0x00000000c1800000, 0x00000000c1900000, 0x00000000c1900000|100%| O|  |TAMS 0x00000000c1900000, 0x00000000c1800000| Untracked 
|  11|0x00000000c1900000, 0x00000000c1a00000, 0x00000000c1a00000|100%| O|  |TAMS 0x00000000c1a00000, 0x00000000c1900000| Untracked 
|  12|0x00000000c1a00000, 0x00000000c1b00000, 0x00000000c1b00000|100%| O|  |TAMS 0x00000000c1b00000, 0x00000000c1a00000| Untracked 
|  13|0x00000000c1b00000, 0x00000000c1c00000, 0x00000000c1c00000|100%| O|  |TAMS 0x00000000c1c00000, 0x00000000c1b00000| Untracked 
|  14|0x00000000c1c00000, 0x00000000c1d00000, 0x00000000c1d00000|100%| O|  |TAMS 0x00000000c1d00000, 0x00000000c1c00000| Untracked 
|  15|0x00000000c1d00000, 0x00000000c1e00000, 0x00000000c1e00000|100%| O|  |TAMS 0x00000000c1e00000, 0x00000000c1d00000| Untracked 
|  16|0x00000000c1e00000, 0x00000000c1f00000, 0x00000000c1f00000|100%| O|  |TAMS 0x00000000c1f00000, 0x00000000c1e00000| Untracked 
|  17|0x00000000c1f00000, 0x00000000c2000000, 0x00000000c2000000|100%| O|  |TAMS 0x00000000c2000000, 0x00000000c1f00000| Untracked 
|  18|0x00000000c2000000, 0x00000000c2100000, 0x00000000c2100000|100%| O|  |TAMS 0x00000000c2100000, 0x00000000c2000000| Untracked 
|  19|0x00000000c2100000, 0x00000000c2200000, 0x00000000c2200000|100%| O|  |TAMS 0x00000000c2200000, 0x00000000c2100000| Complete 
|  20|0x00000000c2200000, 0x00000000c2300000, 0x00000000c2300000|100%| O|  |TAMS 0x00000000c2300000, 0x00000000c2200000| Untracked 
|  21|0x00000000c2300000, 0x00000000c2400000, 0x00000000c2400000|100%| O|  |TAMS 0x00000000c2400000, 0x00000000c2300000| Untracked 
|  22|0x00000000c2400000, 0x00000000c2500000, 0x00000000c2500000|100%| O|  |TAMS 0x00000000c2500000, 0x00000000c2400000| Untracked 
|  23|0x00000000c2500000, 0x00000000c2600000, 0x00000000c2600000|100%| O|  |TAMS 0x00000000c2600000, 0x00000000c2500000| Untracked 
|  24|0x00000000c2600000, 0x00000000c2700000, 0x00000000c2700000|100%| O|  |TAMS 0x00000000c2700000, 0x00000000c2600000| Untracked 
|  25|0x00000000c2700000, 0x00000000c2800000, 0x00000000c2800000|100%| O|  |TAMS 0x00000000c2800000, 0x00000000c2700000| Untracked 
|  26|0x00000000c2800000, 0x00000000c2900000, 0x00000000c2900000|100%| O|  |TAMS 0x00000000c2900000, 0x00000000c2800000| Untracked 
|  27|0x00000000c2900000, 0x00000000c2a00000, 0x00000000c2a00000|100%|HS|  |TAMS 0x00000000c2a00000, 0x00000000c2900000| Complete 
|  28|0x00000000c2a00000, 0x00000000c2b00000, 0x00000000c2b00000|100%|HC|  |TAMS 0x00000000c2b00000, 0x00000000c2a00000| Complete 
|  29|0x00000000c2b00000, 0x00000000c2c00000, 0x00000000c2c00000|100%|HC|  |TAMS 0x00000000c2c00000, 0x00000000c2b00000| Complete 
|  30|0x00000000c2c00000, 0x00000000c2d00000, 0x00000000c2d00000|100%|HC|  |TAMS 0x00000000c2d00000, 0x00000000c2c00000| Complete 
|  31|0x00000000c2d00000, 0x00000000c2e00000, 0x00000000c2e00000|100%|HC|  |TAMS 0x00000000c2e00000, 0x00000000c2d00000| Complete 
|  32|0x00000000c2e00000, 0x00000000c2f00000, 0x00000000c2f00000|100%|HC|  |TAMS 0x00000000c2f00000, 0x00000000c2e00000| Complete 
|  33|0x00000000c2f00000, 0x00000000c3000000, 0x00000000c3000000|100%|HC|  |TAMS 0x00000000c3000000, 0x00000000c2f00000| Complete 
|  34|0x00000000c3000000, 0x00000000c3100000, 0x00000000c3100000|100%|HC|  |TAMS 0x00000000c3100000, 0x00000000c3000000| Complete 
|  35|0x00000000c3100000, 0x00000000c3200000, 0x00000000c3200000|100%|HS|  |TAMS 0x00000000c3200000, 0x00000000c3100000| Complete 
|  36|0x00000000c3200000, 0x00000000c3300000, 0x00000000c3300000|100%|HC|  |TAMS 0x00000000c3300000, 0x00000000c3200000| Complete 
|  37|0x00000000c3300000, 0x00000000c3400000, 0x00000000c3400000|100%|HC|  |TAMS 0x00000000c3400000, 0x00000000c3300000| Complete 
|  38|0x00000000c3400000, 0x00000000c3500000, 0x00000000c3500000|100%|HC|  |TAMS 0x00000000c3500000, 0x00000000c3400000| Complete 
|  39|0x00000000c3500000, 0x00000000c3600000, 0x00000000c3600000|100%|HC|  |TAMS 0x00000000c3600000, 0x00000000c3500000| Complete 
|  40|0x00000000c3600000, 0x00000000c3700000, 0x00000000c3700000|100%|HC|  |TAMS 0x00000000c3700000, 0x00000000c3600000| Complete 
|  41|0x00000000c3700000, 0x00000000c3800000, 0x00000000c3800000|100%|HC|  |TAMS 0x00000000c3800000, 0x00000000c3700000| Complete 
|  42|0x00000000c3800000, 0x00000000c3900000, 0x00000000c3900000|100%|HC|  |TAMS 0x00000000c3900000, 0x00000000c3800000| Complete 
|  43|0x00000000c3900000, 0x00000000c3a00000, 0x00000000c3a00000|100%|HC|  |TAMS 0x00000000c3a00000, 0x00000000c3900000| Complete 
|  44|0x00000000c3a00000, 0x00000000c3b00000, 0x00000000c3b00000|100%|HC|  |TAMS 0x00000000c3b00000, 0x00000000c3a00000| Complete 
|  45|0x00000000c3b00000, 0x00000000c3c00000, 0x00000000c3c00000|100%|HC|  |TAMS 0x00000000c3c00000, 0x00000000c3b00000| Complete 
|  46|0x00000000c3c00000, 0x00000000c3d00000, 0x00000000c3d00000|100%|HC|  |TAMS 0x00000000c3d00000, 0x00000000c3c00000| Complete 
|  47|0x00000000c3d00000, 0x00000000c3e00000, 0x00000000c3e00000|100%|HS|  |TAMS 0x00000000c3d00000, 0x00000000c3d00000| Complete 
|  48|0x00000000c3e00000, 0x00000000c3f00000, 0x00000000c3f00000|100%|HC|  |TAMS 0x00000000c3e00000, 0x00000000c3e00000| Complete 
|  49|0x00000000c3f00000, 0x00000000c4000000, 0x00000000c4000000|100%|HC|  |TAMS 0x00000000c3f00000, 0x00000000c3f00000| Complete 
|  50|0x00000000c4000000, 0x00000000c4100000, 0x00000000c4100000|100%|HC|  |TAMS 0x00000000c4000000, 0x00000000c4000000| Complete 
|  51|0x00000000c4100000, 0x00000000c4200000, 0x00000000c4200000|100%|HC|  |TAMS 0x00000000c4100000, 0x00000000c4100000| Complete 
|  52|0x00000000c4200000, 0x00000000c4300000, 0x00000000c4300000|100%|HC|  |TAMS 0x00000000c4200000, 0x00000000c4200000| Complete 
|  53|0x00000000c4300000, 0x00000000c4400000, 0x00000000c4400000|100%|HC|  |TAMS 0x00000000c4300000, 0x00000000c4300000| Complete 
|  54|0x00000000c4400000, 0x00000000c4500000, 0x00000000c4500000|100%|HC|  |TAMS 0x00000000c4400000, 0x00000000c4400000| Complete 
|  55|0x00000000c4500000, 0x00000000c4600000, 0x00000000c4600000|100%|HC|  |TAMS 0x00000000c4500000, 0x00000000c4500000| Complete 
|  56|0x00000000c4600000, 0x00000000c4700000, 0x00000000c4700000|100%|HC|  |TAMS 0x00000000c4600000, 0x00000000c4600000| Complete 
|  57|0x00000000c4700000, 0x00000000c4800000, 0x00000000c4800000|100%|HC|  |TAMS 0x00000000c4700000, 0x00000000c4700000| Complete 
|  58|0x00000000c4800000, 0x00000000c4900000, 0x00000000c4900000|100%|HC|  |TAMS 0x00000000c4800000, 0x00000000c4800000| Complete 
|  59|0x00000000c4900000, 0x00000000c4a00000, 0x00000000c4a00000|100%|HS|  |TAMS 0x00000000c4900000, 0x00000000c4900000| Complete 
|  60|0x00000000c4a00000, 0x00000000c4b00000, 0x00000000c4b00000|100%|HC|  |TAMS 0x00000000c4a00000, 0x00000000c4a00000| Complete 
|  61|0x00000000c4b00000, 0x00000000c4c00000, 0x00000000c4c00000|100%|HC|  |TAMS 0x00000000c4b00000, 0x00000000c4b00000| Complete 
|  62|0x00000000c4c00000, 0x00000000c4d00000, 0x00000000c4d00000|100%|HC|  |TAMS 0x00000000c4c00000, 0x00000000c4c00000| Complete 
|  63|0x00000000c4d00000, 0x00000000c4e00000, 0x00000000c4e00000|100%|HC|  |TAMS 0x00000000c4d00000, 0x00000000c4d00000| Complete 
|  64|0x00000000c4e00000, 0x00000000c4f00000, 0x00000000c4f00000|100%|HC|  |TAMS 0x00000000c4e00000, 0x00000000c4e00000| Complete 
|  65|0x00000000c4f00000, 0x00000000c5000000, 0x00000000c5000000|100%|HC|  |TAMS 0x00000000c4f00000, 0x00000000c4f00000| Complete 
|  66|0x00000000c5000000, 0x00000000c5100000, 0x00000000c5100000|100%|HC|  |TAMS 0x00000000c5000000, 0x00000000c5000000| Complete 
|  67|0x00000000c5100000, 0x00000000c5200000, 0x00000000c5200000|100%|HS|  |TAMS 0x00000000c5100000, 0x00000000c5100000| Complete 
|  68|0x00000000c5200000, 0x00000000c5300000, 0x00000000c5300000|100%|HC|  |TAMS 0x00000000c5200000, 0x00000000c5200000| Complete 
|  69|0x00000000c5300000, 0x00000000c5400000, 0x00000000c5400000|100%|HC|  |TAMS 0x00000000c5300000, 0x00000000c5300000| Complete 
|  70|0x00000000c5400000, 0x00000000c5500000, 0x00000000c5500000|100%|HC|  |TAMS 0x00000000c5400000, 0x00000000c5400000| Complete 
|  71|0x00000000c5500000, 0x00000000c5600000, 0x00000000c5600000|100%|HC|  |TAMS 0x00000000c5500000, 0x00000000c5500000| Complete 
|  72|0x00000000c5600000, 0x00000000c5700000, 0x00000000c5700000|100%|HC|  |TAMS 0x00000000c5600000, 0x00000000c5600000| Complete 
|  73|0x00000000c5700000, 0x00000000c5800000, 0x00000000c5800000|100%|HC|  |TAMS 0x00000000c5700000, 0x00000000c5700000| Complete 
|  74|0x00000000c5800000, 0x00000000c5900000, 0x00000000c5900000|100%|HC|  |TAMS 0x00000000c5800000, 0x00000000c5800000| Complete 
|  75|0x00000000c5900000, 0x00000000c5a00000, 0x00000000c5a00000|100%|HC|  |TAMS 0x00000000c5900000, 0x00000000c5900000| Complete 
|  76|0x00000000c5a00000, 0x00000000c5b00000, 0x00000000c5b00000|100%|HC|  |TAMS 0x00000000c5a00000, 0x00000000c5a00000| Complete 
|  77|0x00000000c5b00000, 0x00000000c5c00000, 0x00000000c5c00000|100%|HC|  |TAMS 0x00000000c5b00000, 0x00000000c5b00000| Complete 
|  78|0x00000000c5c00000, 0x00000000c5d00000, 0x00000000c5d00000|100%|HC|  |TAMS 0x00000000c5c00000, 0x00000000c5c00000| Complete 
|  79|0x00000000c5d00000, 0x00000000c5e00000, 0x00000000c5e00000|100%|HS|  |TAMS 0x00000000c5d00000, 0x00000000c5d00000| Complete 
|  80|0x00000000c5e00000, 0x00000000c5f00000, 0x00000000c5f00000|100%|HC|  |TAMS 0x00000000c5e00000, 0x00000000c5e00000| Complete 
|  81|0x00000000c5f00000, 0x00000000c6000000, 0x00000000c6000000|100%|HC|  |TAMS 0x00000000c5f00000, 0x00000000c5f00000| Complete 
|  82|0x00000000c6000000, 0x00000000c6100000, 0x00000000c6100000|100%|HC|  |TAMS 0x00000000c6000000, 0x00000000c6000000| Complete 
|  83|0x00000000c6100000, 0x00000000c6200000, 0x00000000c6200000|100%|HC|  |TAMS 0x00000000c6100000, 0x00000000c6100000| Complete 
|  84|0x00000000c6200000, 0x00000000c6300000, 0x00000000c6300000|100%|HC|  |TAMS 0x00000000c6200000, 0x00000000c6200000| Complete 
|  85|0x00000000c6300000, 0x00000000c6400000, 0x00000000c6400000|100%|HC|  |TAMS 0x00000000c6300000, 0x00000000c6300000| Complete 
|  86|0x00000000c6400000, 0x00000000c6500000, 0x00000000c6500000|100%|HC|  |TAMS 0x00000000c6400000, 0x00000000c6400000| Complete 
|  87|0x00000000c6500000, 0x00000000c6600000, 0x00000000c6600000|100%|HC|  |TAMS 0x00000000c6500000, 0x00000000c6500000| Complete 
|  88|0x00000000c6600000, 0x00000000c6700000, 0x00000000c6700000|100%|HC|  |TAMS 0x00000000c6600000, 0x00000000c6600000| Complete 
|  89|0x00000000c6700000, 0x00000000c6800000, 0x00000000c6800000|100%|HC|  |TAMS 0x00000000c6700000, 0x00000000c6700000| Complete 
|  90|0x00000000c6800000, 0x00000000c6900000, 0x00000000c6900000|100%|HC|  |TAMS 0x00000000c6800000, 0x00000000c6800000| Complete 
|  91|0x00000000c6900000, 0x00000000c6900000, 0x00000000c6a00000|  0%| F|  |TAMS 0x00000000c6900000, 0x00000000c6900000| Untracked 
|  92|0x00000000c6a00000, 0x00000000c6a00000, 0x00000000c6b00000|  0%| F|  |TAMS 0x00000000c6a00000, 0x00000000c6a00000| Untracked 
|  93|0x00000000c6b00000, 0x00000000c6b00000, 0x00000000c6c00000|  0%| F|  |TAMS 0x00000000c6b00000, 0x00000000c6b00000| Untracked 
|  94|0x00000000c6c00000, 0x00000000c6c00000, 0x00000000c6d00000|  0%| F|  |TAMS 0x00000000c6c00000, 0x00000000c6c00000| Untracked 
|  95|0x00000000c6d00000, 0x00000000c6d00000, 0x00000000c6e00000|  0%| F|  |TAMS 0x00000000c6d00000, 0x00000000c6d00000| Untracked 
|  96|0x00000000c6e00000, 0x00000000c6ea8390, 0x00000000c6f00000| 65%| S|CS|TAMS 0x00000000c6e00000, 0x00000000c6e00000| Complete 
|  97|0x00000000c6f00000, 0x00000000c7000000, 0x00000000c7000000|100%| S|CS|TAMS 0x00000000c6f00000, 0x00000000c6f00000| Complete 
|  98|0x00000000c7000000, 0x00000000c7100000, 0x00000000c7100000|100%| S|CS|TAMS 0x00000000c7000000, 0x00000000c7000000| Complete 
|  99|0x00000000c7100000, 0x00000000c7200000, 0x00000000c7200000|100%| E|CS|TAMS 0x00000000c7100000, 0x00000000c7100000| Complete 
| 100|0x00000000c7200000, 0x00000000c7300000, 0x00000000c7300000|100%|HS|  |TAMS 0x00000000c7200000, 0x00000000c7200000| Complete 
| 101|0x00000000c7300000, 0x00000000c7400000, 0x00000000c7400000|100%|HC|  |TAMS 0x00000000c7300000, 0x00000000c7300000| Complete 
| 102|0x00000000c7400000, 0x00000000c7500000, 0x00000000c7500000|100%|HC|  |TAMS 0x00000000c7400000, 0x00000000c7400000| Complete 
| 103|0x00000000c7500000, 0x00000000c7600000, 0x00000000c7600000|100%|HC|  |TAMS 0x00000000c7500000, 0x00000000c7500000| Complete 
| 104|0x00000000c7600000, 0x00000000c7700000, 0x00000000c7700000|100%|HC|  |TAMS 0x00000000c7600000, 0x00000000c7600000| Complete 
| 105|0x00000000c7700000, 0x00000000c7800000, 0x00000000c7800000|100%|HC|  |TAMS 0x00000000c7700000, 0x00000000c7700000| Complete 
| 106|0x00000000c7800000, 0x00000000c7900000, 0x00000000c7900000|100%|HC|  |TAMS 0x00000000c7800000, 0x00000000c7800000| Complete 
| 107|0x00000000c7900000, 0x00000000c7a00000, 0x00000000c7a00000|100%|HC|  |TAMS 0x00000000c7900000, 0x00000000c7900000| Complete 
| 108|0x00000000c7a00000, 0x00000000c7b00000, 0x00000000c7b00000|100%|HS|  |TAMS 0x00000000c7a00000, 0x00000000c7a00000| Complete 
| 109|0x00000000c7b00000, 0x00000000c7c00000, 0x00000000c7c00000|100%|HC|  |TAMS 0x00000000c7b00000, 0x00000000c7b00000| Complete 
| 110|0x00000000c7c00000, 0x00000000c7d00000, 0x00000000c7d00000|100%|HC|  |TAMS 0x00000000c7c00000, 0x00000000c7c00000| Complete 
| 111|0x00000000c7d00000, 0x00000000c7e00000, 0x00000000c7e00000|100%|HC|  |TAMS 0x00000000c7d00000, 0x00000000c7d00000| Complete 
| 112|0x00000000c7e00000, 0x00000000c7f00000, 0x00000000c7f00000|100%|HC|  |TAMS 0x00000000c7e00000, 0x00000000c7e00000| Complete 
| 113|0x00000000c7f00000, 0x00000000c8000000, 0x00000000c8000000|100%|HC|  |TAMS 0x00000000c7f00000, 0x00000000c7f00000| Complete 
| 114|0x00000000c8000000, 0x00000000c8100000, 0x00000000c8100000|100%|HC|  |TAMS 0x00000000c8000000, 0x00000000c8000000| Complete 
| 115|0x00000000c8100000, 0x00000000c8200000, 0x00000000c8200000|100%|HC|  |TAMS 0x00000000c8100000, 0x00000000c8100000| Complete 
| 116|0x00000000c8200000, 0x00000000c8300000, 0x00000000c8300000|100%|HC|  |TAMS 0x00000000c8200000, 0x00000000c8200000| Complete 
| 117|0x00000000c8300000, 0x00000000c8400000, 0x00000000c8400000|100%|HC|  |TAMS 0x00000000c8300000, 0x00000000c8300000| Complete 
| 118|0x00000000c8400000, 0x00000000c8500000, 0x00000000c8500000|100%|HC|  |TAMS 0x00000000c8400000, 0x00000000c8400000| Complete 
| 119|0x00000000c8500000, 0x00000000c8600000, 0x00000000c8600000|100%|HC|  |TAMS 0x00000000c8500000, 0x00000000c8500000| Complete 
| 120|0x00000000c8600000, 0x00000000c8700000, 0x00000000c8700000|100%|HS|  |TAMS 0x00000000c8600000, 0x00000000c8600000| Complete 
| 121|0x00000000c8700000, 0x00000000c8800000, 0x00000000c8800000|100%|HC|  |TAMS 0x00000000c8700000, 0x00000000c8700000| Complete 
| 122|0x00000000c8800000, 0x00000000c8900000, 0x00000000c8900000|100%|HC|  |TAMS 0x00000000c8800000, 0x00000000c8800000| Complete 
| 123|0x00000000c8900000, 0x00000000c8a00000, 0x00000000c8a00000|100%|HC|  |TAMS 0x00000000c8900000, 0x00000000c8900000| Complete 
| 124|0x00000000c8a00000, 0x00000000c8b00000, 0x00000000c8b00000|100%|HC|  |TAMS 0x00000000c8a00000, 0x00000000c8a00000| Complete 
| 125|0x00000000c8b00000, 0x00000000c8c00000, 0x00000000c8c00000|100%|HC|  |TAMS 0x00000000c8b00000, 0x00000000c8b00000| Complete 
| 126|0x00000000c8c00000, 0x00000000c8d00000, 0x00000000c8d00000|100%|HC|  |TAMS 0x00000000c8c00000, 0x00000000c8c00000| Complete 
| 127|0x00000000c8d00000, 0x00000000c8e00000, 0x00000000c8e00000|100%|HC|  |TAMS 0x00000000c8d00000, 0x00000000c8d00000| Complete 
| 128|0x00000000c8e00000, 0x00000000c8f00000, 0x00000000c8f00000|100%|HC|  |TAMS 0x00000000c8e00000, 0x00000000c8e00000| Complete 
| 129|0x00000000c8f00000, 0x00000000c9000000, 0x00000000c9000000|100%|HC|  |TAMS 0x00000000c8f00000, 0x00000000c8f00000| Complete 
| 130|0x00000000c9000000, 0x00000000c9100000, 0x00000000c9100000|100%|HC|  |TAMS 0x00000000c9000000, 0x00000000c9000000| Complete 
| 131|0x00000000c9100000, 0x00000000c9200000, 0x00000000c9200000|100%|HC|  |TAMS 0x00000000c9100000, 0x00000000c9100000| Complete 
| 132|0x00000000c9200000, 0x00000000c9300000, 0x00000000c9300000|100%|HS|  |TAMS 0x00000000c9200000, 0x00000000c9200000| Complete 
| 133|0x00000000c9300000, 0x00000000c9400000, 0x00000000c9400000|100%|HC|  |TAMS 0x00000000c9300000, 0x00000000c9300000| Complete 
| 134|0x00000000c9400000, 0x00000000c9500000, 0x00000000c9500000|100%|HC|  |TAMS 0x00000000c9400000, 0x00000000c9400000| Complete 
| 135|0x00000000c9500000, 0x00000000c9600000, 0x00000000c9600000|100%|HC|  |TAMS 0x00000000c9500000, 0x00000000c9500000| Complete 
| 136|0x00000000c9600000, 0x00000000c9700000, 0x00000000c9700000|100%|HC|  |TAMS 0x00000000c9600000, 0x00000000c9600000| Complete 
| 137|0x00000000c9700000, 0x00000000c9800000, 0x00000000c9800000|100%|HC|  |TAMS 0x00000000c9700000, 0x00000000c9700000| Complete 
| 138|0x00000000c9800000, 0x00000000c9900000, 0x00000000c9900000|100%|HC|  |TAMS 0x00000000c9800000, 0x00000000c9800000| Complete 
| 139|0x00000000c9900000, 0x00000000c9a00000, 0x00000000c9a00000|100%|HC|  |TAMS 0x00000000c9900000, 0x00000000c9900000| Complete 
| 140|0x00000000c9a00000, 0x00000000c9b00000, 0x00000000c9b00000|100%|HS|  |TAMS 0x00000000c9a00000, 0x00000000c9a00000| Complete 
| 141|0x00000000c9b00000, 0x00000000c9c00000, 0x00000000c9c00000|100%|HC|  |TAMS 0x00000000c9b00000, 0x00000000c9b00000| Complete 
| 142|0x00000000c9c00000, 0x00000000c9d00000, 0x00000000c9d00000|100%|HC|  |TAMS 0x00000000c9c00000, 0x00000000c9c00000| Complete 
| 143|0x00000000c9d00000, 0x00000000c9e00000, 0x00000000c9e00000|100%|HC|  |TAMS 0x00000000c9d00000, 0x00000000c9d00000| Complete 
| 144|0x00000000c9e00000, 0x00000000c9f00000, 0x00000000c9f00000|100%|HC|  |TAMS 0x00000000c9e00000, 0x00000000c9e00000| Complete 
| 145|0x00000000c9f00000, 0x00000000ca000000, 0x00000000ca000000|100%|HC|  |TAMS 0x00000000c9f00000, 0x00000000c9f00000| Complete 
| 146|0x00000000ca000000, 0x00000000ca100000, 0x00000000ca100000|100%|HC|  |TAMS 0x00000000ca000000, 0x00000000ca000000| Complete 
| 147|0x00000000ca100000, 0x00000000ca200000, 0x00000000ca200000|100%|HC|  |TAMS 0x00000000ca100000, 0x00000000ca100000| Complete 
| 148|0x00000000ca200000, 0x00000000ca300000, 0x00000000ca300000|100%|HC|  |TAMS 0x00000000ca200000, 0x00000000ca200000| Complete 
| 149|0x00000000ca300000, 0x00000000ca400000, 0x00000000ca400000|100%|HC|  |TAMS 0x00000000ca300000, 0x00000000ca300000| Complete 
| 150|0x00000000ca400000, 0x00000000ca500000, 0x00000000ca500000|100%|HC|  |TAMS 0x00000000ca400000, 0x00000000ca400000| Complete 
| 151|0x00000000ca500000, 0x00000000ca600000, 0x00000000ca600000|100%|HC|  |TAMS 0x00000000ca500000, 0x00000000ca500000| Complete 
| 152|0x00000000ca600000, 0x00000000ca700000, 0x00000000ca700000|100%|HS|  |TAMS 0x00000000ca600000, 0x00000000ca600000| Complete 
| 153|0x00000000ca700000, 0x00000000ca800000, 0x00000000ca800000|100%|HC|  |TAMS 0x00000000ca700000, 0x00000000ca700000| Complete 
| 154|0x00000000ca800000, 0x00000000ca900000, 0x00000000ca900000|100%|HC|  |TAMS 0x00000000ca800000, 0x00000000ca800000| Complete 
| 155|0x00000000ca900000, 0x00000000caa00000, 0x00000000caa00000|100%|HC|  |TAMS 0x00000000ca900000, 0x00000000ca900000| Complete 
| 156|0x00000000caa00000, 0x00000000cab00000, 0x00000000cab00000|100%|HC|  |TAMS 0x00000000caa00000, 0x00000000caa00000| Complete 
| 157|0x00000000cab00000, 0x00000000cac00000, 0x00000000cac00000|100%|HC|  |TAMS 0x00000000cab00000, 0x00000000cab00000| Complete 
| 158|0x00000000cac00000, 0x00000000cad00000, 0x00000000cad00000|100%|HC|  |TAMS 0x00000000cac00000, 0x00000000cac00000| Complete 
| 159|0x00000000cad00000, 0x00000000cae00000, 0x00000000cae00000|100%|HC|  |TAMS 0x00000000cad00000, 0x00000000cad00000| Complete 
| 160|0x00000000cae00000, 0x00000000caf00000, 0x00000000caf00000|100%|HC|  |TAMS 0x00000000cae00000, 0x00000000cae00000| Complete 
| 161|0x00000000caf00000, 0x00000000cb000000, 0x00000000cb000000|100%|HC|  |TAMS 0x00000000caf00000, 0x00000000caf00000| Complete 
| 162|0x00000000cb000000, 0x00000000cb100000, 0x00000000cb100000|100%|HC|  |TAMS 0x00000000cb000000, 0x00000000cb000000| Complete 
| 163|0x00000000cb100000, 0x00000000cb200000, 0x00000000cb200000|100%|HC|  |TAMS 0x00000000cb100000, 0x00000000cb100000| Complete 
| 164|0x00000000cb200000, 0x00000000cb200000, 0x00000000cb300000|  0%| F|  |TAMS 0x00000000cb200000, 0x00000000cb200000| Untracked 
| 165|0x00000000cb300000, 0x00000000cb300000, 0x00000000cb400000|  0%| F|  |TAMS 0x00000000cb300000, 0x00000000cb300000| Untracked 
| 166|0x00000000cb400000, 0x00000000cb400000, 0x00000000cb500000|  0%| F|  |TAMS 0x00000000cb400000, 0x00000000cb400000| Untracked 
| 167|0x00000000cb500000, 0x00000000cb500000, 0x00000000cb600000|  0%| F|  |TAMS 0x00000000cb500000, 0x00000000cb500000| Untracked 
| 168|0x00000000cb600000, 0x00000000cb600000, 0x00000000cb700000|  0%| F|  |TAMS 0x00000000cb600000, 0x00000000cb600000| Untracked 
| 169|0x00000000cb700000, 0x00000000cb700000, 0x00000000cb800000|  0%| F|  |TAMS 0x00000000cb700000, 0x00000000cb700000| Untracked 
| 170|0x00000000cb800000, 0x00000000cb800000, 0x00000000cb900000|  0%| F|  |TAMS 0x00000000cb800000, 0x00000000cb800000| Untracked 
| 171|0x00000000cb900000, 0x00000000cb900000, 0x00000000cba00000|  0%| F|  |TAMS 0x00000000cb900000, 0x00000000cb900000| Untracked 
| 172|0x00000000cba00000, 0x00000000cba00000, 0x00000000cbb00000|  0%| F|  |TAMS 0x00000000cba00000, 0x00000000cba00000| Untracked 
| 173|0x00000000cbb00000, 0x00000000cbb00000, 0x00000000cbc00000|  0%| F|  |TAMS 0x00000000cbb00000, 0x00000000cbb00000| Untracked 
| 174|0x00000000cbc00000, 0x00000000cbc00000, 0x00000000cbd00000|  0%| F|  |TAMS 0x00000000cbc00000, 0x00000000cbc00000| Untracked 
| 175|0x00000000cbd00000, 0x00000000cbd00000, 0x00000000cbe00000|  0%| F|  |TAMS 0x00000000cbd00000, 0x00000000cbd00000| Untracked 
| 176|0x00000000cbe00000, 0x00000000cbe00000, 0x00000000cbf00000|  0%| F|  |TAMS 0x00000000cbe00000, 0x00000000cbe00000| Untracked 
| 177|0x00000000cbf00000, 0x00000000cbf00000, 0x00000000cc000000|  0%| F|  |TAMS 0x00000000cbf00000, 0x00000000cbf00000| Untracked 
| 178|0x00000000cc000000, 0x00000000cc000000, 0x00000000cc100000|  0%| F|  |TAMS 0x00000000cc000000, 0x00000000cc000000| Untracked 
| 179|0x00000000cc100000, 0x00000000cc100000, 0x00000000cc200000|  0%| F|  |TAMS 0x00000000cc100000, 0x00000000cc100000| Untracked 
| 180|0x00000000cc200000, 0x00000000cc200000, 0x00000000cc300000|  0%| F|  |TAMS 0x00000000cc200000, 0x00000000cc200000| Untracked 
| 181|0x00000000cc300000, 0x00000000cc300000, 0x00000000cc400000|  0%| F|  |TAMS 0x00000000cc300000, 0x00000000cc300000| Untracked 
| 182|0x00000000cc400000, 0x00000000cc400000, 0x00000000cc500000|  0%| F|  |TAMS 0x00000000cc400000, 0x00000000cc400000| Untracked 
| 183|0x00000000cc500000, 0x00000000cc500000, 0x00000000cc600000|  0%| F|  |TAMS 0x00000000cc500000, 0x00000000cc500000| Untracked 
| 184|0x00000000cc600000, 0x00000000cc600000, 0x00000000cc700000|  0%| F|  |TAMS 0x00000000cc600000, 0x00000000cc600000| Untracked 
| 185|0x00000000cc700000, 0x00000000cc700000, 0x00000000cc800000|  0%| F|  |TAMS 0x00000000cc700000, 0x00000000cc700000| Untracked 
| 186|0x00000000cc800000, 0x00000000cc800000, 0x00000000cc900000|  0%| F|  |TAMS 0x00000000cc800000, 0x00000000cc800000| Untracked 
| 187|0x00000000cc900000, 0x00000000cc900000, 0x00000000cca00000|  0%| F|  |TAMS 0x00000000cc900000, 0x00000000cc900000| Untracked 
| 188|0x00000000cca00000, 0x00000000cca00000, 0x00000000ccb00000|  0%| F|  |TAMS 0x00000000cca00000, 0x00000000cca00000| Untracked 
| 189|0x00000000ccb00000, 0x00000000ccb00000, 0x00000000ccc00000|  0%| F|  |TAMS 0x00000000ccb00000, 0x00000000ccb00000| Untracked 
| 190|0x00000000ccc00000, 0x00000000ccc00000, 0x00000000ccd00000|  0%| F|  |TAMS 0x00000000ccc00000, 0x00000000ccc00000| Untracked 
| 191|0x00000000ccd00000, 0x00000000ccd00000, 0x00000000cce00000|  0%| F|  |TAMS 0x00000000ccd00000, 0x00000000ccd00000| Untracked 
| 192|0x00000000cce00000, 0x00000000cce00000, 0x00000000ccf00000|  0%| F|  |TAMS 0x00000000cce00000, 0x00000000cce00000| Untracked 
| 193|0x00000000ccf00000, 0x00000000ccf00000, 0x00000000cd000000|  0%| F|  |TAMS 0x00000000ccf00000, 0x00000000ccf00000| Untracked 
| 194|0x00000000cd000000, 0x00000000cd000000, 0x00000000cd100000|  0%| F|  |TAMS 0x00000000cd000000, 0x00000000cd000000| Untracked 
| 195|0x00000000cd100000, 0x00000000cd100000, 0x00000000cd200000|  0%| F|  |TAMS 0x00000000cd100000, 0x00000000cd100000| Untracked 
| 196|0x00000000cd200000, 0x00000000cd200000, 0x00000000cd300000|  0%| F|  |TAMS 0x00000000cd200000, 0x00000000cd200000| Untracked 
| 197|0x00000000cd300000, 0x00000000cd300000, 0x00000000cd400000|  0%| F|  |TAMS 0x00000000cd300000, 0x00000000cd300000| Untracked 
| 198|0x00000000cd400000, 0x00000000cd400000, 0x00000000cd500000|  0%| F|  |TAMS 0x00000000cd400000, 0x00000000cd400000| Untracked 
| 199|0x00000000cd500000, 0x00000000cd500000, 0x00000000cd600000|  0%| F|  |TAMS 0x00000000cd500000, 0x00000000cd500000| Untracked 
| 200|0x00000000cd600000, 0x00000000cd600000, 0x00000000cd700000|  0%| F|  |TAMS 0x00000000cd600000, 0x00000000cd600000| Untracked 
| 201|0x00000000cd700000, 0x00000000cd700000, 0x00000000cd800000|  0%| F|  |TAMS 0x00000000cd700000, 0x00000000cd700000| Untracked 
| 202|0x00000000cd800000, 0x00000000cd800000, 0x00000000cd900000|  0%| F|  |TAMS 0x00000000cd800000, 0x00000000cd800000| Untracked 
| 203|0x00000000cd900000, 0x00000000cd900000, 0x00000000cda00000|  0%| F|  |TAMS 0x00000000cd900000, 0x00000000cd900000| Untracked 
| 204|0x00000000cda00000, 0x00000000cda00000, 0x00000000cdb00000|  0%| F|  |TAMS 0x00000000cda00000, 0x00000000cda00000| Untracked 
| 205|0x00000000cdb00000, 0x00000000cdb00000, 0x00000000cdc00000|  0%| F|  |TAMS 0x00000000cdb00000, 0x00000000cdb00000| Untracked 
| 206|0x00000000cdc00000, 0x00000000cdc00000, 0x00000000cdd00000|  0%| F|  |TAMS 0x00000000cdc00000, 0x00000000cdc00000| Untracked 
| 207|0x00000000cdd00000, 0x00000000cdd00000, 0x00000000cde00000|  0%| F|  |TAMS 0x00000000cdd00000, 0x00000000cdd00000| Untracked 
| 208|0x00000000cde00000, 0x00000000cde00000, 0x00000000cdf00000|  0%| F|  |TAMS 0x00000000cde00000, 0x00000000cde00000| Untracked 
| 209|0x00000000cdf00000, 0x00000000cdf00000, 0x00000000ce000000|  0%| F|  |TAMS 0x00000000cdf00000, 0x00000000cdf00000| Untracked 
| 210|0x00000000ce000000, 0x00000000ce000000, 0x00000000ce100000|  0%| F|  |TAMS 0x00000000ce000000, 0x00000000ce000000| Untracked 
| 211|0x00000000ce100000, 0x00000000ce100000, 0x00000000ce200000|  0%| F|  |TAMS 0x00000000ce100000, 0x00000000ce100000| Untracked 
| 212|0x00000000ce200000, 0x00000000ce200000, 0x00000000ce300000|  0%| F|  |TAMS 0x00000000ce200000, 0x00000000ce200000| Untracked 
| 213|0x00000000ce300000, 0x00000000ce300000, 0x00000000ce400000|  0%| F|  |TAMS 0x00000000ce300000, 0x00000000ce300000| Untracked 
| 214|0x00000000ce400000, 0x00000000ce400000, 0x00000000ce500000|  0%| F|  |TAMS 0x00000000ce400000, 0x00000000ce400000| Untracked 
| 215|0x00000000ce500000, 0x00000000ce500000, 0x00000000ce600000|  0%| F|  |TAMS 0x00000000ce500000, 0x00000000ce500000| Untracked 
| 216|0x00000000ce600000, 0x00000000ce600000, 0x00000000ce700000|  0%| F|  |TAMS 0x00000000ce600000, 0x00000000ce600000| Untracked 
| 217|0x00000000ce700000, 0x00000000ce700000, 0x00000000ce800000|  0%| F|  |TAMS 0x00000000ce700000, 0x00000000ce700000| Untracked 
| 218|0x00000000ce800000, 0x00000000ce800000, 0x00000000ce900000|  0%| F|  |TAMS 0x00000000ce800000, 0x00000000ce800000| Untracked 
| 219|0x00000000ce900000, 0x00000000ce900000, 0x00000000cea00000|  0%| F|  |TAMS 0x00000000ce900000, 0x00000000ce900000| Untracked 
| 220|0x00000000cea00000, 0x00000000cea00000, 0x00000000ceb00000|  0%| F|  |TAMS 0x00000000cea00000, 0x00000000cea00000| Untracked 
| 221|0x00000000ceb00000, 0x00000000ceb00000, 0x00000000cec00000|  0%| F|  |TAMS 0x00000000ceb00000, 0x00000000ceb00000| Untracked 
| 222|0x00000000cec00000, 0x00000000cec00000, 0x00000000ced00000|  0%| F|  |TAMS 0x00000000cec00000, 0x00000000cec00000| Untracked 
| 223|0x00000000ced00000, 0x00000000ced00000, 0x00000000cee00000|  0%| F|  |TAMS 0x00000000ced00000, 0x00000000ced00000| Untracked 
| 224|0x00000000cee00000, 0x00000000cee00000, 0x00000000cef00000|  0%| F|  |TAMS 0x00000000cee00000, 0x00000000cee00000| Untracked 
| 225|0x00000000cef00000, 0x00000000cef00000, 0x00000000cf000000|  0%| F|  |TAMS 0x00000000cef00000, 0x00000000cef00000| Untracked 
| 226|0x00000000cf000000, 0x00000000cf000000, 0x00000000cf100000|  0%| F|  |TAMS 0x00000000cf000000, 0x00000000cf000000| Untracked 
| 227|0x00000000cf100000, 0x00000000cf100000, 0x00000000cf200000|  0%| F|  |TAMS 0x00000000cf100000, 0x00000000cf100000| Untracked 
| 228|0x00000000cf200000, 0x00000000cf200000, 0x00000000cf300000|  0%| F|  |TAMS 0x00000000cf200000, 0x00000000cf200000| Untracked 
| 229|0x00000000cf300000, 0x00000000cf300000, 0x00000000cf400000|  0%| F|  |TAMS 0x00000000cf300000, 0x00000000cf300000| Untracked 
| 230|0x00000000cf400000, 0x00000000cf400000, 0x00000000cf500000|  0%| F|  |TAMS 0x00000000cf400000, 0x00000000cf400000| Untracked 
| 231|0x00000000cf500000, 0x00000000cf500000, 0x00000000cf600000|  0%| F|  |TAMS 0x00000000cf500000, 0x00000000cf500000| Untracked 
| 232|0x00000000cf600000, 0x00000000cf600000, 0x00000000cf700000|  0%| F|  |TAMS 0x00000000cf600000, 0x00000000cf600000| Untracked 
| 233|0x00000000cf700000, 0x00000000cf700000, 0x00000000cf800000|  0%| F|  |TAMS 0x00000000cf700000, 0x00000000cf700000| Untracked 
| 234|0x00000000cf800000, 0x00000000cf800000, 0x00000000cf900000|  0%| F|  |TAMS 0x00000000cf800000, 0x00000000cf800000| Untracked 
| 235|0x00000000cf900000, 0x00000000cf900000, 0x00000000cfa00000|  0%| F|  |TAMS 0x00000000cf900000, 0x00000000cf900000| Untracked 
| 236|0x00000000cfa00000, 0x00000000cfb00000, 0x00000000cfb00000|100%| E|  |TAMS 0x00000000cfa00000, 0x00000000cfa00000| Complete 
| 237|0x00000000cfb00000, 0x00000000cfc00000, 0x00000000cfc00000|100%| E|CS|TAMS 0x00000000cfb00000, 0x00000000cfb00000| Complete 
| 238|0x00000000cfc00000, 0x00000000cfd00000, 0x00000000cfd00000|100%| E|CS|TAMS 0x00000000cfc00000, 0x00000000cfc00000| Complete 
| 239|0x00000000cfd00000, 0x00000000cfe00000, 0x00000000cfe00000|100%| E|CS|TAMS 0x00000000cfd00000, 0x00000000cfd00000| Complete 
| 240|0x00000000cfe00000, 0x00000000cff00000, 0x00000000cff00000|100%| E|CS|TAMS 0x00000000cfe00000, 0x00000000cfe00000| Complete 
| 241|0x00000000cff00000, 0x00000000d0000000, 0x00000000d0000000|100%| E|CS|TAMS 0x00000000cff00000, 0x00000000cff00000| Complete 
| 242|0x00000000d0000000, 0x00000000d0100000, 0x00000000d0100000|100%| E|CS|TAMS 0x00000000d0000000, 0x00000000d0000000| Complete 
| 243|0x00000000d0100000, 0x00000000d0200000, 0x00000000d0200000|100%| E|CS|TAMS 0x00000000d0100000, 0x00000000d0100000| Complete 
| 244|0x00000000d0200000, 0x00000000d0300000, 0x00000000d0300000|100%| E|CS|TAMS 0x00000000d0200000, 0x00000000d0200000| Complete 

Card table byte_map: [0x000001dfbe850000,0x000001dfbea50000] _byte_map_base: 0x000001dfbe249000

Marking Bits (Prev, Next): (CMBitMap*) 0x000001dfa7df2340, (CMBitMap*) 0x000001dfa7df2300
 Prev Bits: [0x000001dfbfc20000, 0x000001dfc0be8000)
 Next Bits: [0x000001dfbec50000, 0x000001dfbfc18000)

Polling page: 0x000001dfa5b30000

Metaspace:

Usage:
  Non-class:     15.24 MB used.
      Class:      1.94 MB used.
       Both:     17.18 MB used.

Virtual space:
  Non-class space:       64.00 MB reserved,      15.38 MB ( 24%) committed,  1 nodes.
      Class space:        1.00 GB reserved,       2.00 MB ( <1%) committed,  1 nodes.
             Both:        1.06 GB reserved,      17.38 MB (  2%) committed. 

Chunk freelists:
   Non-Class:  320.00 KB
       Class:  13.82 MB
        Both:  14.13 MB

MaxMetaspaceSize: unlimited
CompressedClassSpaceSize: 1.00 GB
Initial GC threshold: 21.00 MB
Current GC threshold: 28.75 MB
CDS: on
MetaspaceReclaimPolicy: balanced
 - commit_granule_bytes: 65536.
 - commit_granule_words: 8192.
 - virtual_space_node_default_size: 8388608.
 - enlarge_chunks_in_place: 1.
 - new_chunks_are_fully_committed: 0.
 - uncommit_free_chunks: 1.
 - use_allocation_guard: 0.
 - handle_deallocations: 1.


Internal statistics:

num_allocs_failed_limit: 0.
num_arena_births: 122.
num_arena_deaths: 0.
num_vsnodes_births: 2.
num_vsnodes_deaths: 0.
num_space_committed: 278.
num_space_uncommitted: 0.
num_chunks_returned_to_freelist: 0.
num_chunks_taken_from_freelist: 745.
num_chunk_merges: 0.
num_chunk_splits: 509.
num_chunks_enlarged: 410.
num_inconsistent_stats: 0.

CodeHeap 'non-profiled nmethods': size=120000Kb used=2624Kb max_used=2624Kb free=117375Kb
 bounds [0x000001dfb7120000, 0x000001dfb73c0000, 0x000001dfbe650000]
CodeHeap 'profiled nmethods': size=120000Kb used=10267Kb max_used=10267Kb free=109732Kb
 bounds [0x000001dfaf650000, 0x000001dfb0060000, 0x000001dfb6b80000]
CodeHeap 'non-nmethods': size=5760Kb used=1184Kb max_used=1235Kb free=4575Kb
 bounds [0x000001dfb6b80000, 0x000001dfb6df0000, 0x000001dfb7120000]
 total_blobs=5389 nmethods=4912 adapters=389
 compilation: enabled
              stopped_count=0, restarted_count=0
 full_count=0

Compilation events (20 events):
Event: 7.503 Thread 0x000001e004143a00 4897       3       org.eclipse.aether.resolution.VersionRangeResult::<init> (39 bytes)
Event: 7.504 Thread 0x000001e004143a00 nmethod 4897 0x000001dfb0040810 code [0x000001dfb0040a00, 0x000001dfb0040f88]
Event: 7.504 Thread 0x000001e004143a00 4899       3       org.eclipse.aether.util.graph.transformer.JavaScopeDeriver::getDerivedScope (100 bytes)
Event: 7.505 Thread 0x000001e004143a00 nmethod 4899 0x000001dfb0041110 code [0x000001dfb0041340, 0x000001dfb0041968]
Event: 7.505 Thread 0x000001e004143a00 4898       3       org.eclipse.aether.resolution.VersionRangeResult::addVersion (36 bytes)
Event: 7.505 Thread 0x000001e004143a00 nmethod 4898 0x000001dfb0041b10 code [0x000001dfb0041d00, 0x000001dfb00422b8]
Event: 7.512 Thread 0x000001e00413b4d0 nmethod 4884 0x000001dfb73ad990 code [0x000001dfb73adbc0, 0x000001dfb73ae8f0]
Event: 7.512 Thread 0x000001e00413b4d0 4892       4       java.lang.CharacterDataLatin1::toTitleCase (6 bytes)
Event: 7.514 Thread 0x000001e00413b4d0 nmethod 4892 0x000001dfb73af090 code [0x000001dfb73af200, 0x000001dfb73af2f8]
Event: 7.514 Thread 0x000001e00413b4d0 4893       4       org.codehaus.plexus.interpolation.reflection.ReflectionValueExtractor$Tokenizer::skipChar (37 bytes)
Event: 7.516 Thread 0x000001e00413b4d0 nmethod 4893 0x000001dfb73af410 code [0x000001dfb73af5a0, 0x000001dfb73af6c8]
Event: 7.516 Thread 0x000001e00413b4d0 4894   !   4       org.codehaus.plexus.interpolation.reflection.ReflectionValueExtractor::getPropertyValue (114 bytes)
Event: 7.520 Thread 0x000001e004143a00 4902       3       java.net.URI$Parser::checkChars (44 bytes)
Event: 7.521 Thread 0x000001e004143a00 nmethod 4902 0x000001dfb0042490 code [0x000001dfb00426c0, 0x000001dfb0042d08]
Event: 7.532 Thread 0x000001e004143a00 4903       3       com.google.inject.internal.ProviderMethodsModule::getAnnotation (105 bytes)
Event: 7.534 Thread 0x000001e004143a00 nmethod 4903 0x000001dfb0042f90 code [0x000001dfb00432a0, 0x000001dfb0044838]
Event: 7.534 Thread 0x000001e004143a00 4904       3       java.lang.StackTraceElement::of (68 bytes)
Event: 7.534 Thread 0x000001e004143a00 nmethod 4904 0x000001dfb0044f10 code [0x000001dfb0045100, 0x000001dfb0045758]
Event: 7.540 Thread 0x000001e004143a00 4905       3       java.util.jar.JarFile::getManEntry (39 bytes)
Event: 7.541 Thread 0x000001e004143a00 nmethod 4905 0x000001dfb0045990 code [0x000001dfb0045b60, 0x000001dfb0045f38]

GC Heap History (20 events):
Event: 1.073 GC heap before
{Heap before GC invocations=1 (full 0):
 garbage-first heap   total 65536K, used 15556K [0x00000000c0e00000, 0x0000000100000000)
  region size 1024K, 14 young (14336K), 2 survivors (2048K)
 Metaspace       used 5605K, committed 5824K, reserved 1114112K
  class space    used 675K, committed 768K, reserved 1048576K
}
Event: 1.080 GC heap after
{Heap after GC invocations=2 (full 0):
 garbage-first heap   total 65536K, used 4061K [0x00000000c0e00000, 0x0000000100000000)
  region size 1024K, 1 young (1024K), 1 survivors (1024K)
 Metaspace       used 5605K, committed 5824K, reserved 1114112K
  class space    used 675K, committed 768K, reserved 1048576K
}
Event: 1.900 GC heap before
{Heap before GC invocations=2 (full 0):
 garbage-first heap   total 65536K, used 28637K [0x00000000c0e00000, 0x0000000100000000)
  region size 1024K, 26 young (26624K), 1 survivors (1024K)
 Metaspace       used 9531K, committed 9664K, reserved 1114112K
  class space    used 1155K, committed 1216K, reserved 1048576K
}
Event: 1.905 GC heap after
{Heap after GC invocations=3 (full 0):
 garbage-first heap   total 65536K, used 5290K [0x00000000c0e00000, 0x0000000100000000)
  region size 1024K, 2 young (2048K), 2 survivors (2048K)
 Metaspace       used 9531K, committed 9664K, reserved 1114112K
  class space    used 1155K, committed 1216K, reserved 1048576K
}
Event: 3.480 GC heap before
{Heap before GC invocations=3 (full 0):
 garbage-first heap   total 65536K, used 42154K [0x00000000c0e00000, 0x0000000100000000)
  region size 1024K, 38 young (38912K), 2 survivors (2048K)
 Metaspace       used 14672K, committed 14848K, reserved 1114112K
  class space    used 1766K, committed 1856K, reserved 1048576K
}
Event: 3.496 GC heap after
{Heap after GC invocations=4 (full 0):
 garbage-first heap   total 65536K, used 9216K [0x00000000c0e00000, 0x0000000100000000)
  region size 1024K, 5 young (5120K), 5 survivors (5120K)
 Metaspace       used 14672K, committed 14848K, reserved 1114112K
  class space    used 1766K, committed 1856K, reserved 1048576K
}
Event: 4.049 GC heap before
{Heap before GC invocations=4 (full 0):
 garbage-first heap   total 65536K, used 43008K [0x00000000c0e00000, 0x0000000100000000)
  region size 1024K, 38 young (38912K), 5 survivors (5120K)
 Metaspace       used 15120K, committed 15232K, reserved 1114112K
  class space    used 1804K, committed 1856K, reserved 1048576K
}
Event: 4.083 GC heap after
{Heap after GC invocations=5 (full 0):
 garbage-first heap   total 65536K, used 15780K [0x00000000c0e00000, 0x0000000100000000)
  region size 1024K, 5 young (5120K), 5 survivors (5120K)
 Metaspace       used 15120K, committed 15232K, reserved 1114112K
  class space    used 1804K, committed 1856K, reserved 1048576K
}
Event: 4.388 GC heap before
{Heap before GC invocations=5 (full 0):
 garbage-first heap   total 65536K, used 44452K [0x00000000c0e00000, 0x0000000100000000)
  region size 1024K, 33 young (33792K), 5 survivors (5120K)
 Metaspace       used 15200K, committed 15424K, reserved 1114112K
  class space    used 1805K, committed 1920K, reserved 1048576K
}
Event: 4.415 GC heap after
{Heap after GC invocations=6 (full 0):
 garbage-first heap   total 78848K, used 21504K [0x00000000c0e00000, 0x0000000100000000)
  region size 1024K, 5 young (5120K), 5 survivors (5120K)
 Metaspace       used 15200K, committed 15424K, reserved 1114112K
  class space    used 1805K, committed 1920K, reserved 1048576K
}
Event: 5.094 GC heap before
{Heap before GC invocations=6 (full 0):
 garbage-first heap   total 78848K, used 53248K [0x00000000c0e00000, 0x0000000100000000)
  region size 1024K, 36 young (36864K), 5 survivors (5120K)
 Metaspace       used 15632K, committed 15808K, reserved 1114112K
  class space    used 1837K, committed 1920K, reserved 1048576K
}
Event: 5.112 GC heap after
{Heap after GC invocations=7 (full 0):
 garbage-first heap   total 78848K, used 24564K [0x00000000c0e00000, 0x0000000100000000)
  region size 1024K, 4 young (4096K), 4 survivors (4096K)
 Metaspace       used 15632K, committed 15808K, reserved 1114112K
  class space    used 1837K, committed 1920K, reserved 1048576K
}
Event: 5.709 GC heap before
{Heap before GC invocations=7 (full 0):
 garbage-first heap   total 78848K, used 55284K [0x00000000c0e00000, 0x0000000100000000)
  region size 1024K, 34 young (34816K), 4 survivors (4096K)
 Metaspace       used 15954K, committed 16128K, reserved 1114112K
  class space    used 1840K, committed 1920K, reserved 1048576K
}
Event: 5.720 GC heap after
{Heap after GC invocations=8 (full 0):
 garbage-first heap   total 78848K, used 27400K [0x00000000c0e00000, 0x0000000100000000)
  region size 1024K, 3 young (3072K), 3 survivors (3072K)
 Metaspace       used 15954K, committed 16128K, reserved 1114112K
  class space    used 1840K, committed 1920K, reserved 1048576K
}
Event: 6.602 GC heap before
{Heap before GC invocations=8 (full 0):
 garbage-first heap   total 78848K, used 57096K [0x00000000c0e00000, 0x0000000100000000)
  region size 1024K, 32 young (32768K), 3 survivors (3072K)
 Metaspace       used 16356K, committed 16512K, reserved 1114112K
  class space    used 1859K, committed 1920K, reserved 1048576K
}
Event: 6.614 GC heap after
{Heap after GC invocations=9 (full 0):
 garbage-first heap   total 78848K, used 29291K [0x00000000c0e00000, 0x0000000100000000)
  region size 1024K, 2 young (2048K), 2 survivors (2048K)
 Metaspace       used 16356K, committed 16512K, reserved 1114112K
  class space    used 1859K, committed 1920K, reserved 1048576K
}
Event: 7.184 GC heap before
{Heap before GC invocations=9 (full 0):
 garbage-first heap   total 78848K, used 51819K [0x00000000c0e00000, 0x0000000100000000)
  region size 1024K, 17 young (17408K), 2 survivors (2048K)
 Metaspace       used 17450K, committed 17664K, reserved 1114112K
  class space    used 1981K, committed 2048K, reserved 1048576K
}
Event: 7.191 GC heap after
{Heap after GC invocations=10 (full 0):
 garbage-first heap   total 102400K, used 38430K [0x00000000c0e00000, 0x0000000100000000)
  region size 1024K, 3 young (3072K), 3 survivors (3072K)
 Metaspace       used 17450K, committed 17664K, reserved 1114112K
  class space    used 1981K, committed 2048K, reserved 1048576K
}
Event: 7.195 GC heap before
{Heap before GC invocations=10 (full 0):
 garbage-first heap   total 102400K, used 50718K [0x00000000c0e00000, 0x0000000100000000)
  region size 1024K, 4 young (4096K), 3 survivors (3072K)
 Metaspace       used 17450K, committed 17664K, reserved 1114112K
  class space    used 1981K, committed 2048K, reserved 1048576K
}
Event: 7.200 GC heap after
{Heap after GC invocations=11 (full 0):
 garbage-first heap   total 102400K, used 50848K [0x00000000c0e00000, 0x0000000100000000)
  region size 1024K, 3 young (3072K), 3 survivors (3072K)
 Metaspace       used 17450K, committed 17664K, reserved 1114112K
  class space    used 1981K, committed 2048K, reserved 1048576K
}

Deoptimization events (20 events):
Event: 7.332 Thread 0x000001dfa7db3e50 Uncommon trap: trap_request=0xffffffbe fr.pc=0x000001dfb73960a8 relative=0x0000000000000388
Event: 7.332 Thread 0x000001dfa7db3e50 Uncommon trap: reason=profile_predicate action=maybe_recompile pc=0x000001dfb73960a8 method=java.util.regex.Pattern$Slice.match(Ljava/util/regex/Matcher;ILjava/lang/CharSequence;)Z @ 18 c2
Event: 7.332 Thread 0x000001dfa7db3e50 DEOPT PACKING pc=0x000001dfb73960a8 sp=0x0000008090cfc7f0
Event: 7.332 Thread 0x000001dfa7db3e50 DEOPT UNPACKING pc=0x000001dfb6bd23a3 sp=0x0000008090cfc790 mode 2
Event: 7.332 Thread 0x000001dfa7db3e50 Uncommon trap: trap_request=0xffffffbe fr.pc=0x000001dfb73960a8 relative=0x0000000000000388
Event: 7.332 Thread 0x000001dfa7db3e50 Uncommon trap: reason=profile_predicate action=maybe_recompile pc=0x000001dfb73960a8 method=java.util.regex.Pattern$Slice.match(Ljava/util/regex/Matcher;ILjava/lang/CharSequence;)Z @ 18 c2
Event: 7.332 Thread 0x000001dfa7db3e50 DEOPT PACKING pc=0x000001dfb73960a8 sp=0x0000008090cfc7f0
Event: 7.332 Thread 0x000001dfa7db3e50 DEOPT UNPACKING pc=0x000001dfb6bd23a3 sp=0x0000008090cfc790 mode 2
Event: 7.332 Thread 0x000001dfa7db3e50 Uncommon trap: trap_request=0xffffffbe fr.pc=0x000001dfb73960a8 relative=0x0000000000000388
Event: 7.332 Thread 0x000001dfa7db3e50 Uncommon trap: reason=profile_predicate action=maybe_recompile pc=0x000001dfb73960a8 method=java.util.regex.Pattern$Slice.match(Ljava/util/regex/Matcher;ILjava/lang/CharSequence;)Z @ 18 c2
Event: 7.332 Thread 0x000001dfa7db3e50 DEOPT PACKING pc=0x000001dfb73960a8 sp=0x0000008090cfc7f0
Event: 7.332 Thread 0x000001dfa7db3e50 DEOPT UNPACKING pc=0x000001dfb6bd23a3 sp=0x0000008090cfc790 mode 2
Event: 7.358 Thread 0x000001dfa7db3e50 Uncommon trap: trap_request=0xffffff45 fr.pc=0x000001dfb71ccb38 relative=0x0000000000000198
Event: 7.358 Thread 0x000001dfa7db3e50 Uncommon trap: reason=unstable_if action=reinterpret pc=0x000001dfb71ccb38 method=java.util.WeakHashMap.expungeStaleEntries()V @ 9 c2
Event: 7.358 Thread 0x000001dfa7db3e50 DEOPT PACKING pc=0x000001dfb71ccb38 sp=0x0000008090cfcc00
Event: 7.358 Thread 0x000001dfa7db3e50 DEOPT UNPACKING pc=0x000001dfb6bd23a3 sp=0x0000008090cfcb98 mode 2
Event: 7.530 Thread 0x000001dfa7db3e50 Uncommon trap: trap_request=0xffffff76 fr.pc=0x000001dfb73accb8 relative=0x0000000000000198
Event: 7.530 Thread 0x000001dfa7db3e50 Uncommon trap: reason=predicate action=maybe_recompile pc=0x000001dfb73accb8 method=java.util.LinkedHashMap.valuesToArray([Ljava/lang/Object;)[Ljava/lang/Object; @ 12 c2
Event: 7.530 Thread 0x000001dfa7db3e50 DEOPT PACKING pc=0x000001dfb73accb8 sp=0x0000008090cfc8e0
Event: 7.530 Thread 0x000001dfa7db3e50 DEOPT UNPACKING pc=0x000001dfb6bd23a3 sp=0x0000008090cfc898 mode 2

Classes unloaded (0 events):
No events

Classes redefined (0 events):
No events

Internal exceptions (20 events):
Event: 2.043 Thread 0x000001dfa7db3e50 Exception <a 'java/lang/NoSuchMethodError'{0x00000000c4af7d48}: 'void java.lang.invoke.DirectMethodHandle$Holder.invokeStaticInit(java.lang.Object, java.lang.Object, java.lang.Object)'> (0x00000000c4af7d48) 
thrown [s\open\src\hotspot\share\interpreter\linkResolver.cpp, line 759]
Event: 2.051 Thread 0x000001dfa7db3e50 Exception <a 'java/lang/ExceptionInInitializerError'{0x00000000c4923a88}> (0x00000000c4923a88) 
thrown [s\open\src\hotspot\share\oops\instanceKlass.cpp, line 1216]
Event: 2.088 Thread 0x000001dfa7db3e50 Implicit null exception at 0x000001dfb71945af to 0x000001dfb71946c4
Event: 2.091 Thread 0x000001dfa7db3e50 Exception <a 'java/lang/NoSuchMethodError'{0x00000000c4833360}: 'java.lang.Object java.lang.invoke.Invokers$Holder.invokeExact_MT(java.lang.Object, int, java.lang.Object)'> (0x00000000c4833360) 
thrown [s\open\src\hotspot\share\interpreter\linkResolver.cpp, line 759]
Event: 2.111 Thread 0x000001dfa7db3e50 Exception <a 'java/lang/NoSuchMethodError'{0x00000000c48a6f58}: 'void java.lang.invoke.DirectMethodHandle$Holder.invokeStatic(java.lang.Object, java.lang.Object)'> (0x00000000c48a6f58) 
thrown [s\open\src\hotspot\share\interpreter\linkResolver.cpp, line 759]
Event: 2.115 Thread 0x000001dfa7db3e50 Exception <a 'java/lang/NoSuchMethodError'{0x00000000c48b6d18}: 'int java.lang.invoke.DirectMethodHandle$Holder.invokeSpecial(java.lang.Object, java.lang.Object, java.lang.Object, java.lang.Object)'> (0x00000000c48b6d18) 
thrown [s\open\src\hotspot\share\interpreter\linkResolver.cpp, line 759]
Event: 2.518 Thread 0x000001dfa7db3e50 Exception <a 'java/lang/NoClassDefFoundError'{0x00000000c40baf38}: com/google/inject/servlet/ServletModuleTargetVisitor> (0x00000000c40baf38) 
thrown [s\open\src\hotspot\share\classfile\systemDictionary.cpp, line 245]
Event: 2.623 Thread 0x000001dfa7db3e50 Exception <a 'java/lang/NoSuchMethodError'{0x00000000c3e49788}: 'void java.lang.invoke.DirectMethodHandle$Holder.invokeVirtual(java.lang.Object, java.lang.Object)'> (0x00000000c3e49788) 
thrown [s\open\src\hotspot\share\interpreter\linkResolver.cpp, line 759]
Event: 2.659 Thread 0x000001dfa7db3e50 Exception <a 'java/lang/NoSuchMethodError'{0x00000000c3ec3298}: 'java.lang.Object java.lang.invoke.DirectMethodHandle$Holder.invokeStaticInit(java.lang.Object, int, int, int, int)'> (0x00000000c3ec3298) 
thrown [s\open\src\hotspot\share\interpreter\linkResolver.cpp, line 759]
Event: 2.854 Thread 0x000001dfa7db3e50 Implicit null exception at 0x000001dfb7161772 to 0x000001dfb7161d08
Event: 2.855 Thread 0x000001dfa7db3e50 Implicit null exception at 0x000001dfb7145472 to 0x000001dfb7145a1c
Event: 4.618 Thread 0x000001dfa7db3e50 Implicit null exception at 0x000001dfb7249ba0 to 0x000001dfb724b844
Event: 4.618 Thread 0x000001dfa7db3e50 Implicit null exception at 0x000001dfb71cdd6a to 0x000001dfb71cdf28
Event: 4.618 Thread 0x000001dfa7db3e50 Implicit null exception at 0x000001dfb715c258 to 0x000001dfb715c2ee
Event: 6.041 Thread 0x000001dfa7db3e50 Exception <a 'java/lang/NoSuchMethodError'{0x00000000c532c4d8}: 'java.lang.Object java.lang.invoke.DirectMethodHandle$Holder.newInvokeSpecial(java.lang.Object, java.lang.Object, java.lang.Object, java.lang.Object, java.lang.Object, java.lang.Object, java.lang.Object)'> (0x00000000c532c4d8) 
thrown [s\open\src\hotspot\share\interpreter\linkResolver.cpp, line 759]
Event: 6.042 Thread 0x000001dfa7db3e50 Exception <a 'java/lang/NoSuchMethodError'{0x00000000c5330de8}: 'java.lang.Object java.lang.invoke.Invokers$Holder.linkToTargetMethod(java.lang.Object, java.lang.Object, java.lang.Object, java.lang.Object, java.lang.Object, java.lang.Object, java.lang.Object)'> (0x00000000c5330de8) 
thrown [s\open\src\hotspot\share\interpreter\linkResolver.cpp, line 759]
Event: 6.799 Thread 0x000001dfa7db3e50 Exception <a 'java/lang/NoSuchMethodError'{0x00000000c5647930}: 'java.lang.Object java.lang.invoke.DirectMethodHandle$Holder.invokeVirtual(java.lang.Object, java.lang.Object, java.lang.Object)'> (0x00000000c5647930) 
thrown [s\open\src\hotspot\share\interpreter\linkResolver.cpp, line 759]
Event: 6.800 Thread 0x000001dfa7db3e50 Exception <a 'java/lang/NoSuchMethodError'{0x00000000c564ef28}: 'void java.lang.invoke.DirectMethodHandle$Holder.invokeSpecial(java.lang.Object, java.lang.Object, java.lang.Object, java.lang.Object, java.lang.Object, java.lang.Object)'> (0x00000000c564ef28) 
thrown [s\open\src\hotspot\share\interpreter\linkResolver.cpp, line 759]
Event: 6.803 Thread 0x000001dfa7db3e50 Exception <a 'java/lang/NoSuchMethodError'{0x00000000c565a588}: 'int java.lang.invoke.DirectMethodHandle$Holder.invokeVirtual(java.lang.Object, java.lang.Object)'> (0x00000000c565a588) 
thrown [s\open\src\hotspot\share\interpreter\linkResolver.cpp, line 759]
Event: 7.131 Thread 0x000001dfa7db3e50 Implicit null exception at 0x000001dfb7391723 to 0x000001dfb7393c34

VM Operations (20 events):
Event: 5.672 Executing VM operation: ICBufferFull
Event: 5.673 Executing VM operation: ICBufferFull done
Event: 5.709 Executing VM operation: G1CollectForAllocation
Event: 5.720 Executing VM operation: G1CollectForAllocation done
Event: 5.796 Executing VM operation: HandshakeAllThreads
Event: 5.796 Executing VM operation: HandshakeAllThreads done
Event: 6.190 Executing VM operation: ICBufferFull
Event: 6.190 Executing VM operation: ICBufferFull done
Event: 6.602 Executing VM operation: G1CollectForAllocation
Event: 6.614 Executing VM operation: G1CollectForAllocation done
Event: 7.036 Executing VM operation: ICBufferFull
Event: 7.036 Executing VM operation: ICBufferFull done
Event: 7.183 Executing VM operation: G1TryInitiateConcMark
Event: 7.192 Executing VM operation: G1TryInitiateConcMark done
Event: 7.194 Executing VM operation: G1TryInitiateConcMark
Event: 7.200 Executing VM operation: G1TryInitiateConcMark done
Event: 7.295 Executing VM operation: G1Concurrent
Event: 7.305 Executing VM operation: G1Concurrent done
Event: 7.343 Executing VM operation: G1Concurrent
Event: 7.344 Executing VM operation: G1Concurrent done

Events (20 events):
Event: 6.761 loading class org/w3c/dom/Node
Event: 6.762 loading class org/w3c/dom/Node done
Event: 6.763 loading class org/xml/sax/SAXException
Event: 6.763 loading class org/xml/sax/SAXException done
Event: 6.763 loading class javax/xml/parsers/ParserConfigurationException
Event: 6.763 loading class javax/xml/parsers/ParserConfigurationException done
Event: 6.764 loading class org/w3c/dom/Document
Event: 6.764 loading class org/w3c/dom/Document done
Event: 6.764 loading class org/w3c/dom/Element
Event: 6.765 loading class org/w3c/dom/Element done
Event: 6.818 loading class java/net/URISyntaxException
Event: 6.818 loading class java/net/URISyntaxException done
Event: 6.835 loading class jdk/internal/reflect/UnsafeBooleanFieldAccessorImpl
Event: 6.836 loading class jdk/internal/reflect/UnsafeBooleanFieldAccessorImpl done
Event: 7.181 loading class sun/nio/cs/UTF_8$Encoder
Event: 7.182 loading class sun/nio/cs/UTF_8$Encoder done
Event: 7.211 loading class java/nio/BufferMismatch
Event: 7.211 loading class java/nio/BufferMismatch done
Event: 7.212 loading class java/nio/file/attribute/PosixFileAttributes
Event: 7.212 loading class java/nio/file/attribute/PosixFileAttributes done


Dynamic libraries:
0x00007ff6b3dd0000 - 0x00007ff6b3de0000 	C:\Program Files\Java\jdk-17.0.9\bin\java.exe
0x00007ffcc0ee0000 - 0x00007ffcc10d0000 	C:\Windows\SYSTEM32\ntdll.dll
0x00007ffcc0de0000 - 0x00007ffcc0e92000 	C:\Windows\System32\KERNEL32.DLL
0x00007ffcbde70000 - 0x00007ffcbe113000 	C:\Windows\System32\KERNELBASE.dll
0x00007ffcbecc0000 - 0x00007ffcbedba000 	C:\Windows\System32\ucrtbase.dll
0x00007ffcb4d90000 - 0x00007ffcb4da9000 	C:\Program Files\Java\jdk-17.0.9\bin\jli.dll
0x00007ffcb11e0000 - 0x00007ffcb11fb000 	C:\Program Files\Java\jdk-17.0.9\bin\VCRUNTIME140.dll
0x00007ffcbfaa0000 - 0x00007ffcbfb43000 	C:\Windows\System32\ADVAPI32.dll
0x00007ffcbf670000 - 0x00007ffcbf70e000 	C:\Windows\System32\msvcrt.dll
0x00007ffcbfb50000 - 0x00007ffcbfbe7000 	C:\Windows\System32\sechost.dll
0x00007ffcbf870000 - 0x00007ffcbf990000 	C:\Windows\System32\RPCRT4.dll
0x00007ffcc0550000 - 0x00007ffcc06e4000 	C:\Windows\System32\USER32.dll
0x00007ffcafe00000 - 0x00007ffcb0085000 	C:\Windows\WinSxS\amd64_microsoft.windows.common-controls_6595b64144ccf1df_6.0.18362.418_none_e6c6b287130d565d\COMCTL32.dll
0x00007ffcbe940000 - 0x00007ffcbe961000 	C:\Windows\System32\win32u.dll
0x00007ffcbff60000 - 0x00007ffcbff86000 	C:\Windows\System32\GDI32.dll
0x00007ffcbfc10000 - 0x00007ffcbff46000 	C:\Windows\System32\combase.dll
0x00007ffcbe970000 - 0x00007ffcbeb04000 	C:\Windows\System32\gdi32full.dll
0x00007ffcbe8a0000 - 0x00007ffcbe920000 	C:\Windows\System32\bcryptPrimitives.dll
0x00007ffcbeb10000 - 0x00007ffcbebae000 	C:\Windows\System32\msvcp_win.dll
0x00007ffcaeb30000 - 0x00007ffcaeb3a000 	C:\Windows\SYSTEM32\VERSION.dll
0x00007ffcbf640000 - 0x00007ffcbf66e000 	C:\Windows\System32\IMM32.DLL
0x00007ffcb4f30000 - 0x00007ffcb4f3c000 	C:\Program Files\Java\jdk-17.0.9\bin\vcruntime140_1.dll
0x00007ffc9a820000 - 0x00007ffc9a8ae000 	C:\Program Files\Java\jdk-17.0.9\bin\msvcp140.dll
0x00007ffc7d9a0000 - 0x00007ffc7e581000 	C:\Program Files\Java\jdk-17.0.9\bin\server\jvm.dll
0x00007ffcbf480000 - 0x00007ffcbf488000 	C:\Windows\System32\PSAPI.DLL
0x00007ffcbbe00000 - 0x00007ffcbbe24000 	C:\Windows\SYSTEM32\WINMM.dll
0x00007ffcad7c0000 - 0x00007ffcad7c9000 	C:\Windows\SYSTEM32\WSOCK32.dll
0x00007ffcbeff0000 - 0x00007ffcbf05f000 	C:\Windows\System32\WS2_32.dll
0x00007ffcbbdd0000 - 0x00007ffcbbdfd000 	C:\Windows\SYSTEM32\winmmbase.dll
0x00007ffcbedc0000 - 0x00007ffcbee0a000 	C:\Windows\System32\cfgmgr32.dll
0x00007ffcbde00000 - 0x00007ffcbde11000 	C:\Windows\System32\kernel.appcore.dll
0x00007ffcb4e90000 - 0x00007ffcb4e9a000 	C:\Program Files\Java\jdk-17.0.9\bin\jimage.dll
0x00007ffcaf980000 - 0x00007ffcafb74000 	C:\Windows\SYSTEM32\DBGHELP.DLL
0x00007ffcaf8d0000 - 0x00007ffcaf8fa000 	C:\Windows\SYSTEM32\dbgcore.DLL
0x00007ffcafd70000 - 0x00007ffcafd95000 	C:\Program Files\Java\jdk-17.0.9\bin\java.dll
0x00007ffc7d8c0000 - 0x00007ffc7d997000 	C:\Program Files\Java\jdk-17.0.9\bin\jsvml.dll
0x00007ffcc06f0000 - 0x00007ffcc0dd5000 	C:\Windows\System32\SHELL32.dll
0x00007ffcbf9f0000 - 0x00007ffcbfa99000 	C:\Windows\System32\shcore.dll
0x00007ffcbe120000 - 0x00007ffcbe89f000 	C:\Windows\System32\windows.storage.dll
0x00007ffcbdde0000 - 0x00007ffcbddff000 	C:\Windows\System32\profapi.dll
0x00007ffcbde20000 - 0x00007ffcbde6a000 	C:\Windows\System32\powrprof.dll
0x00007ffcbddb0000 - 0x00007ffcbddc0000 	C:\Windows\System32\UMPDC.dll
0x00007ffcbf990000 - 0x00007ffcbf9e2000 	C:\Windows\System32\shlwapi.dll
0x00007ffcbe920000 - 0x00007ffcbe937000 	C:\Windows\System32\cryptsp.dll
0x00007ffcaf4e0000 - 0x00007ffcaf4f9000 	C:\Program Files\Java\jdk-17.0.9\bin\net.dll
0x00007ffcb28a0000 - 0x00007ffcb2990000 	C:\Windows\SYSTEM32\WINHTTP.dll
0x00007ffcbd5c0000 - 0x00007ffcbd627000 	C:\Windows\system32\mswsock.dll
0x00007ffcadb00000 - 0x00007ffcadb16000 	C:\Program Files\Java\jdk-17.0.9\bin\nio.dll
0x00007ffcb1060000 - 0x00007ffcb1078000 	C:\Program Files\Java\jdk-17.0.9\bin\zip.dll
0x0000000069ac0000 - 0x0000000069ae4000 	C:\Program Files\apache-maven-3.9.5-bin\apache-maven-3.9.5\lib\jansi-native\Windows\x86_64\jansi.dll
0x00007ffcb15c0000 - 0x00007ffcb15d0000 	C:\Program Files\Java\jdk-17.0.9\bin\verify.dll

dbghelp: loaded successfully - version: 4.0.5 - missing functions: none
symbol engine: initialized successfully - sym options: 0x614 - pdb path: .;C:\Program Files\Java\jdk-17.0.9\bin;C:\Windows\SYSTEM32;C:\Windows\WinSxS\amd64_microsoft.windows.common-controls_6595b64144ccf1df_6.0.18362.418_none_e6c6b287130d565d;C:\Program Files\Java\jdk-17.0.9\bin\server;C:\Program Files\apache-maven-3.9.5-bin\apache-maven-3.9.5\lib\jansi-native\Windows\x86_64

VM Arguments:
jvm_args: -Dclassworlds.conf=C:\Program Files\apache-maven-3.9.5-bin\apache-maven-3.9.5\bin\m2.conf -Dmaven.home=C:\Program Files\apache-maven-3.9.5-bin\apache-maven-3.9.5 -Dlibrary.jansi.path=C:\Program Files\apache-maven-3.9.5-bin\apache-maven-3.9.5\lib\jansi-native -Dmaven.multiModuleProjectDirectory=C:\Users\Daniela\Desktop\SSMU_backM5\back 
java_command: org.codehaus.plexus.classworlds.launcher.Launcher spring-boot:run
java_class_path (initial): C:\Program Files\apache-maven-3.9.5-bin\apache-maven-3.9.5\boot\plexus-classworlds-2.7.0.jar
Launcher Type: SUN_STANDARD

[Global flags]
     intx CICompilerCount                          = 3                                         {product} {ergonomic}
     uint ConcGCThreads                            = 1                                         {product} {ergonomic}
     uint G1ConcRefinementThreads                  = 4                                         {product} {ergonomic}
   size_t G1HeapRegionSize                         = 1048576                                   {product} {ergonomic}
    uintx GCDrainStackTargetSize                   = 64                                        {product} {ergonomic}
   size_t InitialHeapSize                          = 67108864                                  {product} {ergonomic}
   size_t MarkStackSize                            = 4194304                                   {product} {ergonomic}
   size_t MaxHeapSize                              = 1059061760                                {product} {ergonomic}
   size_t MaxNewSize                               = 635437056                                 {product} {ergonomic}
   size_t MinHeapDeltaBytes                        = 1048576                                   {product} {ergonomic}
   size_t MinHeapSize                              = 8388608                                   {product} {ergonomic}
    uintx NonNMethodCodeHeapSize                   = 5832780                                {pd product} {ergonomic}
    uintx NonProfiledCodeHeapSize                  = 122912730                              {pd product} {ergonomic}
    uintx ProfiledCodeHeapSize                     = 122912730                              {pd product} {ergonomic}
    uintx ReservedCodeCacheSize                    = 251658240                              {pd product} {ergonomic}
     bool SegmentedCodeCache                       = true                                      {product} {ergonomic}
   size_t SoftMaxHeapSize                          = 1059061760                             {manageable} {ergonomic}
     bool UseCompressedClassPointers               = true                           {product lp64_product} {ergonomic}
     bool UseCompressedOops                        = true                           {product lp64_product} {ergonomic}
     bool UseG1GC                                  = true                                      {product} {ergonomic}
     bool UseLargePagesIndividualAllocation        = false                                  {pd product} {ergonomic}

Logging:
Log output configuration:
 #0: stdout all=warning uptime,level,tags
 #1: stderr all=off uptime,level,tags

Environment Variables:
JAVA_HOME=C:\Program Files\Java\jdk-17.0.9
PATH=C:\Program Files\Common Files\Oracle\Java\javapath;C:\Users\Daniela\dbhomeXE\bin;C:\ProgramData\Oracle\Java\javapath;C:\Windows\system32;C:\Windows;C:\Windows\System32\Wbem;C:\Windows\System32\WindowsPowerShell\v1.0\;C:\Windows\System32\OpenSSH\;C:\Program Files\Microsoft VS Code\bin;C:\Program Files\kotlinc\bin;C:\Program Files\nodejs\;C:\Program Files\MATLAB\R2022b\runtime\win64;C:\Program Files\MATLAB\R2022b\bin;C:\Program Files\Git\cmd;C:\Program Files\apache-maven-3.9.5-bin\apache-maven-3.9.5\bin;C:\Program Files\Java\jdk-17.0.9\bin;C:\Users\Daniela\AppData\Local\Microsoft\WindowsApps;C:\Users\Daniela\AppData\Roaming\npm;C:\Users\Daniela\AppData\Local\gitkraken\bin;C:\Program Files\JetBrains\IntelliJ IDEA 2023.2.2\bin;;C:\Users\Daniela\Desktop\apache-maven-3.6.0\bin;C:\Program Files\Java\jdk-17.0.9;
USERNAME=Daniela
LANG=es_ES.UTF-8
OS=Windows_NT
PROCESSOR_IDENTIFIER=Intel64 Family 6 Model 42 Stepping 7, GenuineIntel



---------------  S Y S T E M  ---------------

OS:
 Windows 10 , 64 bit Build 18362 (10.0.18362.329)
OS uptime: 0 days 3:36 hours

CPU: total 4 (initial active 4) (2 cores per cpu, 2 threads per core) family 6 model 42 stepping 7 microcode 0x2e, cx8, cmov, fxsr, ht, mmx, sse, sse2, sse3, ssse3, sse4.1, sse4.2, popcnt, tsc, tscinvbit, avx, aes, clmul, vzeroupper, clflush

Memory: 4k page, system-wide physical 4039M (244M free)
TotalPageFile size 6087M (AvailPageFile size 3M)
current process WorkingSet (physical memory assigned to process): 263M, peak: 263M
current process commit charge ("private bytes"): 381M, peak: 382M

vm_info: Java HotSpot(TM) 64-Bit Server VM (17.0.9+11-LTS-201) for windows-amd64 JRE (17.0.9+11-LTS-201), built on Oct 10 2023 23:16:06 by "mach5one" with MS VC++ 17.1 (VS2022)

END.
